2023-12-03 21:19:37 [::1][-][34q1sf4453btgnlam967bp42tb][error][yii\db\Exception] PDOException: SQLSTATE[22007]: Invalid datetime format: 1292 Incorrect date value: '11.13.2000' for column 'due_date' at row 1 in /opt/homebrew/var/www/basic/vendor/yiisoft/yii2/db/Command.php:1320
Stack trace:
#0 /opt/homebrew/var/www/basic/vendor/yiisoft/yii2/db/Command.php(1320): PDOStatement->execute()
#1 /opt/homebrew/var/www/basic/vendor/yiisoft/yii2/db/Command.php(1120): yii\db\Command->internalExecute('INSERT INTO `ta...')
#2 /opt/homebrew/var/www/basic/vendor/yiisoft/yii2/db/Schema.php(431): yii\db\Command->execute()
#3 /opt/homebrew/var/www/basic/vendor/yiisoft/yii2/db/ActiveRecord.php(604): yii\db\Schema->insert('tasks', Array)
#4 /opt/homebrew/var/www/basic/vendor/yiisoft/yii2/db/ActiveRecord.php(570): yii\db\ActiveRecord->insertInternal(NULL)
#5 /opt/homebrew/var/www/basic/vendor/yiisoft/yii2/db/BaseActiveRecord.php(687): yii\db\ActiveRecord->insert(true, NULL)
#6 /opt/homebrew/var/www/basic/controllers/TasksController.php(73): yii\db\BaseActiveRecord->save()
#7 [internal function]: app\controllers\TasksController->actionCreate()
#8 /opt/homebrew/var/www/basic/vendor/yiisoft/yii2/base/InlineAction.php(57): call_user_func_array(Array, Array)
#9 /opt/homebrew/var/www/basic/vendor/yiisoft/yii2/base/Controller.php(178): yii\base\InlineAction->runWithParams(Array)
#10 /opt/homebrew/var/www/basic/vendor/yiisoft/yii2/base/Module.php(552): yii\base\Controller->runAction('create', Array)
#11 /opt/homebrew/var/www/basic/vendor/yiisoft/yii2/web/Application.php(103): yii\base\Module->runAction('tasks/create', Array)
#12 /opt/homebrew/var/www/basic/vendor/yiisoft/yii2/base/Application.php(384): yii\web\Application->handleRequest(Object(yii\web\Request))
#13 /opt/homebrew/var/www/basic/web/index.php(12): yii\base\Application->run()
#14 {main}

Next yii\db\Exception: SQLSTATE[22007]: Invalid datetime format: 1292 Incorrect date value: '11.13.2000' for column 'due_date' at row 1
The SQL being executed was: INSERT INTO `tasks` (`title`, `description`, `due_date`, `is_completed`, `created_at`, `updated_at`) VALUES ('test', 'test 2', '11.13.2000', 1, '12.11.2001', '13.11.2001') in /opt/homebrew/var/www/basic/vendor/yiisoft/yii2/db/Schema.php:676
Stack trace:
#0 /opt/homebrew/var/www/basic/vendor/yiisoft/yii2/db/Command.php(1325): yii\db\Schema->convertException(Object(PDOException), 'INSERT INTO `ta...')
#1 /opt/homebrew/var/www/basic/vendor/yiisoft/yii2/db/Command.php(1120): yii\db\Command->internalExecute('INSERT INTO `ta...')
#2 /opt/homebrew/var/www/basic/vendor/yiisoft/yii2/db/Schema.php(431): yii\db\Command->execute()
#3 /opt/homebrew/var/www/basic/vendor/yiisoft/yii2/db/ActiveRecord.php(604): yii\db\Schema->insert('tasks', Array)
#4 /opt/homebrew/var/www/basic/vendor/yiisoft/yii2/db/ActiveRecord.php(570): yii\db\ActiveRecord->insertInternal(NULL)
#5 /opt/homebrew/var/www/basic/vendor/yiisoft/yii2/db/BaseActiveRecord.php(687): yii\db\ActiveRecord->insert(true, NULL)
#6 /opt/homebrew/var/www/basic/controllers/TasksController.php(73): yii\db\BaseActiveRecord->save()
#7 [internal function]: app\controllers\TasksController->actionCreate()
#8 /opt/homebrew/var/www/basic/vendor/yiisoft/yii2/base/InlineAction.php(57): call_user_func_array(Array, Array)
#9 /opt/homebrew/var/www/basic/vendor/yiisoft/yii2/base/Controller.php(178): yii\base\InlineAction->runWithParams(Array)
#10 /opt/homebrew/var/www/basic/vendor/yiisoft/yii2/base/Module.php(552): yii\base\Controller->runAction('create', Array)
#11 /opt/homebrew/var/www/basic/vendor/yiisoft/yii2/web/Application.php(103): yii\base\Module->runAction('tasks/create', Array)
#12 /opt/homebrew/var/www/basic/vendor/yiisoft/yii2/base/Application.php(384): yii\web\Application->handleRequest(Object(yii\web\Request))
#13 /opt/homebrew/var/www/basic/web/index.php(12): yii\base\Application->run()
#14 {main}
Additional Information:
Array
(
    [0] => 22007
    [1] => 1292
    [2] => Incorrect date value: '11.13.2000' for column 'due_date' at row 1
)

2023-12-03 21:19:37 [::1][-][34q1sf4453btgnlam967bp42tb][info][application] $_GET = [
    'r' => 'tasks/create'
]

$_POST = [
    '_csrf' => '19EhT2JAgOH0sxR6Ct4_qn5nSPjp93rZXmd9wXLLnDjhvxY4JS3msZuEez4-m3eYJywqqa6jCZM0Hi_3EYrlVg=='
    'tasks' => [
        'title' => 'test'
        'description' => 'test 2'
        'due_date' => '11.13.2000'
        'is_completed' => '1'
        'created_at' => '12.11.2001'
        'updated_at' => '13.11.2001'
    ]
]

$_FILES = []

$_COOKIE = [
    'PHPSESSID' => '34q1sf4453btgnlam967bp42tb'
    '_csrf' => 'a6d53f6df0f54127e8d6ac289f462dd53a020413f8da49c08800a6fea6558160a:2:{i:0;s:5:\"_csrf\";i:1;s:32:\"6n7wGmfPo7oD4EH2YKbQGTsJjyR6cAyn\";}'
]

$_SESSION = [
    '__flash' => []
]

$_SERVER = [
    'HTTP_HOST' => 'localhost'
    'HTTP_CONNECTION' => 'keep-alive'
    'CONTENT_LENGTH' => '273'
    'HTTP_CACHE_CONTROL' => 'max-age=0'
    'HTTP_SEC_CH_UA' => '\"Google Chrome\";v=\"119\", \"Chromium\";v=\"119\", \"Not?A_Brand\";v=\"24\"'
    'HTTP_SEC_CH_UA_MOBILE' => '?0'
    'HTTP_SEC_CH_UA_PLATFORM' => '\"macOS\"'
    'HTTP_UPGRADE_INSECURE_REQUESTS' => '1'
    'HTTP_ORIGIN' => 'http://localhost'
    'CONTENT_TYPE' => 'application/x-www-form-urlencoded'
    'HTTP_USER_AGENT' => 'Mozilla/5.0 (Macintosh; Intel Mac OS X 10_15_7) AppleWebKit/537.36 (KHTML, like Gecko) Chrome/119.0.0.0 Safari/537.36'
    'HTTP_ACCEPT' => 'text/html,application/xhtml+xml,application/xml;q=0.9,image/avif,image/webp,image/apng,*/*;q=0.8,application/signed-exchange;v=b3;q=0.7'
    'HTTP_SEC_FETCH_SITE' => 'same-origin'
    'HTTP_SEC_FETCH_MODE' => 'navigate'
    'HTTP_SEC_FETCH_USER' => '?1'
    'HTTP_SEC_FETCH_DEST' => 'document'
    'HTTP_REFERER' => 'http://localhost/index.php?r=tasks%2Fcreate'
    'HTTP_ACCEPT_ENCODING' => 'gzip, deflate, br'
    'HTTP_ACCEPT_LANGUAGE' => 'uk-UA,uk;q=0.9,en-US;q=0.8,en;q=0.7,ru;q=0.6'
    'HTTP_COOKIE' => 'PHPSESSID=34q1sf4453btgnlam967bp42tb; _csrf=a6d53f6df0f54127e8d6ac289f462dd53a020413f8da49c08800a6fea6558160a%3A2%3A%7Bi%3A0%3Bs%3A5%3A%22_csrf%22%3Bi%3A1%3Bs%3A32%3A%226n7wGmfPo7oD4EH2YKbQGTsJjyR6cAyn%22%3B%7D'
    'PATH' => '/opt/homebrew/bin:/opt/homebrew/sbin:/usr/bin:/bin:/usr/sbin:/sbin'
    'SERVER_SIGNATURE' => ''
    'SERVER_SOFTWARE' => 'Apache/2.4.58 (Unix) PHP/8.3.0'
    'SERVER_NAME' => 'localhost'
    'SERVER_ADDR' => '::1'
    'SERVER_PORT' => '80'
    'REMOTE_ADDR' => '::1'
    'DOCUMENT_ROOT' => '/opt/homebrew/var/www/basic/web'
    'REQUEST_SCHEME' => 'http'
    'CONTEXT_PREFIX' => ''
    'CONTEXT_DOCUMENT_ROOT' => '/opt/homebrew/var/www/basic/web'
    'SERVER_ADMIN' => 'you@example.com'
    'SCRIPT_FILENAME' => '/opt/homebrew/var/www/basic/web/index.php'
    'REMOTE_PORT' => '49409'
    'GATEWAY_INTERFACE' => 'CGI/1.1'
    'SERVER_PROTOCOL' => 'HTTP/1.1'
    'REQUEST_METHOD' => 'POST'
    'QUERY_STRING' => 'r=tasks%2Fcreate'
    'REQUEST_URI' => '/index.php?r=tasks%2Fcreate'
    'SCRIPT_NAME' => '/index.php'
    'PHP_SELF' => '/index.php'
    'REQUEST_TIME_FLOAT' => 1701638377.5568
    'REQUEST_TIME' => 1701638377
]
2023-12-03 21:20:17 [::1][-][34q1sf4453btgnlam967bp42tb][error][yii\db\Exception] PDOException: SQLSTATE[22007]: Invalid datetime format: 1292 Incorrect date value: '11/13/2000' for column 'due_date' at row 1 in /opt/homebrew/var/www/basic/vendor/yiisoft/yii2/db/Command.php:1320
Stack trace:
#0 /opt/homebrew/var/www/basic/vendor/yiisoft/yii2/db/Command.php(1320): PDOStatement->execute()
#1 /opt/homebrew/var/www/basic/vendor/yiisoft/yii2/db/Command.php(1120): yii\db\Command->internalExecute('INSERT INTO `ta...')
#2 /opt/homebrew/var/www/basic/vendor/yiisoft/yii2/db/Schema.php(431): yii\db\Command->execute()
#3 /opt/homebrew/var/www/basic/vendor/yiisoft/yii2/db/ActiveRecord.php(604): yii\db\Schema->insert('tasks', Array)
#4 /opt/homebrew/var/www/basic/vendor/yiisoft/yii2/db/ActiveRecord.php(570): yii\db\ActiveRecord->insertInternal(NULL)
#5 /opt/homebrew/var/www/basic/vendor/yiisoft/yii2/db/BaseActiveRecord.php(687): yii\db\ActiveRecord->insert(true, NULL)
#6 /opt/homebrew/var/www/basic/controllers/TasksController.php(73): yii\db\BaseActiveRecord->save()
#7 [internal function]: app\controllers\TasksController->actionCreate()
#8 /opt/homebrew/var/www/basic/vendor/yiisoft/yii2/base/InlineAction.php(57): call_user_func_array(Array, Array)
#9 /opt/homebrew/var/www/basic/vendor/yiisoft/yii2/base/Controller.php(178): yii\base\InlineAction->runWithParams(Array)
#10 /opt/homebrew/var/www/basic/vendor/yiisoft/yii2/base/Module.php(552): yii\base\Controller->runAction('create', Array)
#11 /opt/homebrew/var/www/basic/vendor/yiisoft/yii2/web/Application.php(103): yii\base\Module->runAction('tasks/create', Array)
#12 /opt/homebrew/var/www/basic/vendor/yiisoft/yii2/base/Application.php(384): yii\web\Application->handleRequest(Object(yii\web\Request))
#13 /opt/homebrew/var/www/basic/web/index.php(12): yii\base\Application->run()
#14 {main}

Next yii\db\Exception: SQLSTATE[22007]: Invalid datetime format: 1292 Incorrect date value: '11/13/2000' for column 'due_date' at row 1
The SQL being executed was: INSERT INTO `tasks` (`title`, `description`, `due_date`, `is_completed`, `created_at`, `updated_at`) VALUES ('test', 'test 2', '11/13/2000', 1, '12/11/2001', '13/11/2001') in /opt/homebrew/var/www/basic/vendor/yiisoft/yii2/db/Schema.php:676
Stack trace:
#0 /opt/homebrew/var/www/basic/vendor/yiisoft/yii2/db/Command.php(1325): yii\db\Schema->convertException(Object(PDOException), 'INSERT INTO `ta...')
#1 /opt/homebrew/var/www/basic/vendor/yiisoft/yii2/db/Command.php(1120): yii\db\Command->internalExecute('INSERT INTO `ta...')
#2 /opt/homebrew/var/www/basic/vendor/yiisoft/yii2/db/Schema.php(431): yii\db\Command->execute()
#3 /opt/homebrew/var/www/basic/vendor/yiisoft/yii2/db/ActiveRecord.php(604): yii\db\Schema->insert('tasks', Array)
#4 /opt/homebrew/var/www/basic/vendor/yiisoft/yii2/db/ActiveRecord.php(570): yii\db\ActiveRecord->insertInternal(NULL)
#5 /opt/homebrew/var/www/basic/vendor/yiisoft/yii2/db/BaseActiveRecord.php(687): yii\db\ActiveRecord->insert(true, NULL)
#6 /opt/homebrew/var/www/basic/controllers/TasksController.php(73): yii\db\BaseActiveRecord->save()
#7 [internal function]: app\controllers\TasksController->actionCreate()
#8 /opt/homebrew/var/www/basic/vendor/yiisoft/yii2/base/InlineAction.php(57): call_user_func_array(Array, Array)
#9 /opt/homebrew/var/www/basic/vendor/yiisoft/yii2/base/Controller.php(178): yii\base\InlineAction->runWithParams(Array)
#10 /opt/homebrew/var/www/basic/vendor/yiisoft/yii2/base/Module.php(552): yii\base\Controller->runAction('create', Array)
#11 /opt/homebrew/var/www/basic/vendor/yiisoft/yii2/web/Application.php(103): yii\base\Module->runAction('tasks/create', Array)
#12 /opt/homebrew/var/www/basic/vendor/yiisoft/yii2/base/Application.php(384): yii\web\Application->handleRequest(Object(yii\web\Request))
#13 /opt/homebrew/var/www/basic/web/index.php(12): yii\base\Application->run()
#14 {main}
Additional Information:
Array
(
    [0] => 22007
    [1] => 1292
    [2] => Incorrect date value: '11/13/2000' for column 'due_date' at row 1
)

2023-12-03 21:20:17 [::1][-][34q1sf4453btgnlam967bp42tb][info][application] $_GET = [
    'r' => 'tasks/create'
]

$_POST = [
    '_csrf' => '5qdCAf5aXW_sG2bkkjGDEQfwoOrSw286ergrbiQx0vjQyXV2uTc7P4MsCaCmdMsjXrvCu5WXHHAQwXlYR3Crlg=='
    'tasks' => [
        'title' => 'test'
        'description' => 'test 2'
        'due_date' => '11/13/2000'
        'is_completed' => '1'
        'created_at' => '12/11/2001'
        'updated_at' => '13/11/2001'
    ]
]

$_FILES = []

$_COOKIE = [
    'PHPSESSID' => '34q1sf4453btgnlam967bp42tb'
    '_csrf' => 'a6d53f6df0f54127e8d6ac289f462dd53a020413f8da49c08800a6fea6558160a:2:{i:0;s:5:\"_csrf\";i:1;s:32:\"6n7wGmfPo7oD4EH2YKbQGTsJjyR6cAyn\";}'
]

$_SESSION = [
    '__flash' => []
]

$_SERVER = [
    'HTTP_HOST' => 'localhost'
    'HTTP_CONNECTION' => 'keep-alive'
    'CONTENT_LENGTH' => '285'
    'HTTP_CACHE_CONTROL' => 'max-age=0'
    'HTTP_SEC_CH_UA' => '\"Google Chrome\";v=\"119\", \"Chromium\";v=\"119\", \"Not?A_Brand\";v=\"24\"'
    'HTTP_SEC_CH_UA_MOBILE' => '?0'
    'HTTP_SEC_CH_UA_PLATFORM' => '\"macOS\"'
    'HTTP_UPGRADE_INSECURE_REQUESTS' => '1'
    'HTTP_ORIGIN' => 'http://localhost'
    'CONTENT_TYPE' => 'application/x-www-form-urlencoded'
    'HTTP_USER_AGENT' => 'Mozilla/5.0 (Macintosh; Intel Mac OS X 10_15_7) AppleWebKit/537.36 (KHTML, like Gecko) Chrome/119.0.0.0 Safari/537.36'
    'HTTP_ACCEPT' => 'text/html,application/xhtml+xml,application/xml;q=0.9,image/avif,image/webp,image/apng,*/*;q=0.8,application/signed-exchange;v=b3;q=0.7'
    'HTTP_SEC_FETCH_SITE' => 'same-origin'
    'HTTP_SEC_FETCH_MODE' => 'navigate'
    'HTTP_SEC_FETCH_USER' => '?1'
    'HTTP_SEC_FETCH_DEST' => 'document'
    'HTTP_REFERER' => 'http://localhost/index.php?r=tasks%2Fcreate'
    'HTTP_ACCEPT_ENCODING' => 'gzip, deflate, br'
    'HTTP_ACCEPT_LANGUAGE' => 'uk-UA,uk;q=0.9,en-US;q=0.8,en;q=0.7,ru;q=0.6'
    'HTTP_COOKIE' => 'PHPSESSID=34q1sf4453btgnlam967bp42tb; _csrf=a6d53f6df0f54127e8d6ac289f462dd53a020413f8da49c08800a6fea6558160a%3A2%3A%7Bi%3A0%3Bs%3A5%3A%22_csrf%22%3Bi%3A1%3Bs%3A32%3A%226n7wGmfPo7oD4EH2YKbQGTsJjyR6cAyn%22%3B%7D'
    'PATH' => '/opt/homebrew/bin:/opt/homebrew/sbin:/usr/bin:/bin:/usr/sbin:/sbin'
    'SERVER_SIGNATURE' => ''
    'SERVER_SOFTWARE' => 'Apache/2.4.58 (Unix) PHP/8.3.0'
    'SERVER_NAME' => 'localhost'
    'SERVER_ADDR' => '::1'
    'SERVER_PORT' => '80'
    'REMOTE_ADDR' => '::1'
    'DOCUMENT_ROOT' => '/opt/homebrew/var/www/basic/web'
    'REQUEST_SCHEME' => 'http'
    'CONTEXT_PREFIX' => ''
    'CONTEXT_DOCUMENT_ROOT' => '/opt/homebrew/var/www/basic/web'
    'SERVER_ADMIN' => 'you@example.com'
    'SCRIPT_FILENAME' => '/opt/homebrew/var/www/basic/web/index.php'
    'REMOTE_PORT' => '49412'
    'GATEWAY_INTERFACE' => 'CGI/1.1'
    'SERVER_PROTOCOL' => 'HTTP/1.1'
    'REQUEST_METHOD' => 'POST'
    'QUERY_STRING' => 'r=tasks%2Fcreate'
    'REQUEST_URI' => '/index.php?r=tasks%2Fcreate'
    'SCRIPT_NAME' => '/index.php'
    'PHP_SELF' => '/index.php'
    'REQUEST_TIME_FLOAT' => 1701638417.4694
    'REQUEST_TIME' => 1701638417
]
2023-12-03 21:21:45 [::1][-][34q1sf4453btgnlam967bp42tb][error][yii\db\Exception] PDOException: SQLSTATE[22007]: Invalid datetime format: 1292 Incorrect date value: '12-11-2001' for column 'due_date' at row 1 in /opt/homebrew/var/www/basic/vendor/yiisoft/yii2/db/Command.php:1320
Stack trace:
#0 /opt/homebrew/var/www/basic/vendor/yiisoft/yii2/db/Command.php(1320): PDOStatement->execute()
#1 /opt/homebrew/var/www/basic/vendor/yiisoft/yii2/db/Command.php(1120): yii\db\Command->internalExecute('INSERT INTO `ta...')
#2 /opt/homebrew/var/www/basic/vendor/yiisoft/yii2/db/Schema.php(431): yii\db\Command->execute()
#3 /opt/homebrew/var/www/basic/vendor/yiisoft/yii2/db/ActiveRecord.php(604): yii\db\Schema->insert('tasks', Array)
#4 /opt/homebrew/var/www/basic/vendor/yiisoft/yii2/db/ActiveRecord.php(570): yii\db\ActiveRecord->insertInternal(NULL)
#5 /opt/homebrew/var/www/basic/vendor/yiisoft/yii2/db/BaseActiveRecord.php(687): yii\db\ActiveRecord->insert(true, NULL)
#6 /opt/homebrew/var/www/basic/controllers/TasksController.php(73): yii\db\BaseActiveRecord->save()
#7 [internal function]: app\controllers\TasksController->actionCreate()
#8 /opt/homebrew/var/www/basic/vendor/yiisoft/yii2/base/InlineAction.php(57): call_user_func_array(Array, Array)
#9 /opt/homebrew/var/www/basic/vendor/yiisoft/yii2/base/Controller.php(178): yii\base\InlineAction->runWithParams(Array)
#10 /opt/homebrew/var/www/basic/vendor/yiisoft/yii2/base/Module.php(552): yii\base\Controller->runAction('create', Array)
#11 /opt/homebrew/var/www/basic/vendor/yiisoft/yii2/web/Application.php(103): yii\base\Module->runAction('tasks/create', Array)
#12 /opt/homebrew/var/www/basic/vendor/yiisoft/yii2/base/Application.php(384): yii\web\Application->handleRequest(Object(yii\web\Request))
#13 /opt/homebrew/var/www/basic/web/index.php(12): yii\base\Application->run()
#14 {main}

Next yii\db\Exception: SQLSTATE[22007]: Invalid datetime format: 1292 Incorrect date value: '12-11-2001' for column 'due_date' at row 1
The SQL being executed was: INSERT INTO `tasks` (`title`, `description`, `due_date`, `is_completed`, `created_at`, `updated_at`) VALUES ('test', 'test 2', '12-11-2001', 1, '12-11-2001', '13-11-2001') in /opt/homebrew/var/www/basic/vendor/yiisoft/yii2/db/Schema.php:676
Stack trace:
#0 /opt/homebrew/var/www/basic/vendor/yiisoft/yii2/db/Command.php(1325): yii\db\Schema->convertException(Object(PDOException), 'INSERT INTO `ta...')
#1 /opt/homebrew/var/www/basic/vendor/yiisoft/yii2/db/Command.php(1120): yii\db\Command->internalExecute('INSERT INTO `ta...')
#2 /opt/homebrew/var/www/basic/vendor/yiisoft/yii2/db/Schema.php(431): yii\db\Command->execute()
#3 /opt/homebrew/var/www/basic/vendor/yiisoft/yii2/db/ActiveRecord.php(604): yii\db\Schema->insert('tasks', Array)
#4 /opt/homebrew/var/www/basic/vendor/yiisoft/yii2/db/ActiveRecord.php(570): yii\db\ActiveRecord->insertInternal(NULL)
#5 /opt/homebrew/var/www/basic/vendor/yiisoft/yii2/db/BaseActiveRecord.php(687): yii\db\ActiveRecord->insert(true, NULL)
#6 /opt/homebrew/var/www/basic/controllers/TasksController.php(73): yii\db\BaseActiveRecord->save()
#7 [internal function]: app\controllers\TasksController->actionCreate()
#8 /opt/homebrew/var/www/basic/vendor/yiisoft/yii2/base/InlineAction.php(57): call_user_func_array(Array, Array)
#9 /opt/homebrew/var/www/basic/vendor/yiisoft/yii2/base/Controller.php(178): yii\base\InlineAction->runWithParams(Array)
#10 /opt/homebrew/var/www/basic/vendor/yiisoft/yii2/base/Module.php(552): yii\base\Controller->runAction('create', Array)
#11 /opt/homebrew/var/www/basic/vendor/yiisoft/yii2/web/Application.php(103): yii\base\Module->runAction('tasks/create', Array)
#12 /opt/homebrew/var/www/basic/vendor/yiisoft/yii2/base/Application.php(384): yii\web\Application->handleRequest(Object(yii\web\Request))
#13 /opt/homebrew/var/www/basic/web/index.php(12): yii\base\Application->run()
#14 {main}
Additional Information:
Array
(
    [0] => 22007
    [1] => 1292
    [2] => Incorrect date value: '12-11-2001' for column 'due_date' at row 1
)

2023-12-03 21:21:45 [::1][-][34q1sf4453btgnlam967bp42tb][info][application] $_GET = [
    'r' => 'tasks/create'
]

$_POST = [
    '_csrf' => 'K_rD62g1tbLoHECnowaJxnZKeQskxdtgfwHig3GW-DMdlPScL1jT4ocrL-OXQ8H0LwEbWmORqCoVeLC1EteBXQ=='
    'tasks' => [
        'title' => 'test'
        'description' => 'test 2'
        'due_date' => '12-11-2001'
        'is_completed' => '1'
        'created_at' => '12-11-2001'
        'updated_at' => '13-11-2001'
    ]
]

$_FILES = []

$_COOKIE = [
    'PHPSESSID' => '34q1sf4453btgnlam967bp42tb'
    '_csrf' => 'a6d53f6df0f54127e8d6ac289f462dd53a020413f8da49c08800a6fea6558160a:2:{i:0;s:5:\"_csrf\";i:1;s:32:\"6n7wGmfPo7oD4EH2YKbQGTsJjyR6cAyn\";}'
]

$_SESSION = [
    '__flash' => []
]

$_SERVER = [
    'HTTP_HOST' => 'localhost'
    'HTTP_CONNECTION' => 'keep-alive'
    'CONTENT_LENGTH' => '273'
    'HTTP_CACHE_CONTROL' => 'max-age=0'
    'HTTP_SEC_CH_UA' => '\"Google Chrome\";v=\"119\", \"Chromium\";v=\"119\", \"Not?A_Brand\";v=\"24\"'
    'HTTP_SEC_CH_UA_MOBILE' => '?0'
    'HTTP_SEC_CH_UA_PLATFORM' => '\"macOS\"'
    'HTTP_UPGRADE_INSECURE_REQUESTS' => '1'
    'HTTP_ORIGIN' => 'http://localhost'
    'CONTENT_TYPE' => 'application/x-www-form-urlencoded'
    'HTTP_USER_AGENT' => 'Mozilla/5.0 (Macintosh; Intel Mac OS X 10_15_7) AppleWebKit/537.36 (KHTML, like Gecko) Chrome/119.0.0.0 Safari/537.36'
    'HTTP_ACCEPT' => 'text/html,application/xhtml+xml,application/xml;q=0.9,image/avif,image/webp,image/apng,*/*;q=0.8,application/signed-exchange;v=b3;q=0.7'
    'HTTP_SEC_FETCH_SITE' => 'same-origin'
    'HTTP_SEC_FETCH_MODE' => 'navigate'
    'HTTP_SEC_FETCH_USER' => '?1'
    'HTTP_SEC_FETCH_DEST' => 'document'
    'HTTP_REFERER' => 'http://localhost/index.php?r=tasks%2Fcreate'
    'HTTP_ACCEPT_ENCODING' => 'gzip, deflate, br'
    'HTTP_ACCEPT_LANGUAGE' => 'uk-UA,uk;q=0.9,en-US;q=0.8,en;q=0.7,ru;q=0.6'
    'HTTP_COOKIE' => 'PHPSESSID=34q1sf4453btgnlam967bp42tb; _csrf=a6d53f6df0f54127e8d6ac289f462dd53a020413f8da49c08800a6fea6558160a%3A2%3A%7Bi%3A0%3Bs%3A5%3A%22_csrf%22%3Bi%3A1%3Bs%3A32%3A%226n7wGmfPo7oD4EH2YKbQGTsJjyR6cAyn%22%3B%7D'
    'PATH' => '/opt/homebrew/bin:/opt/homebrew/sbin:/usr/bin:/bin:/usr/sbin:/sbin'
    'SERVER_SIGNATURE' => ''
    'SERVER_SOFTWARE' => 'Apache/2.4.58 (Unix) PHP/8.3.0'
    'SERVER_NAME' => 'localhost'
    'SERVER_ADDR' => '::1'
    'SERVER_PORT' => '80'
    'REMOTE_ADDR' => '::1'
    'DOCUMENT_ROOT' => '/opt/homebrew/var/www/basic/web'
    'REQUEST_SCHEME' => 'http'
    'CONTEXT_PREFIX' => ''
    'CONTEXT_DOCUMENT_ROOT' => '/opt/homebrew/var/www/basic/web'
    'SERVER_ADMIN' => 'you@example.com'
    'SCRIPT_FILENAME' => '/opt/homebrew/var/www/basic/web/index.php'
    'REMOTE_PORT' => '49418'
    'GATEWAY_INTERFACE' => 'CGI/1.1'
    'SERVER_PROTOCOL' => 'HTTP/1.1'
    'REQUEST_METHOD' => 'POST'
    'QUERY_STRING' => 'r=tasks%2Fcreate'
    'REQUEST_URI' => '/index.php?r=tasks%2Fcreate'
    'SCRIPT_NAME' => '/index.php'
    'PHP_SELF' => '/index.php'
    'REQUEST_TIME_FLOAT' => 1701638505.6018
    'REQUEST_TIME' => 1701638505
]
